Performing C SOURCE FILE Test CMAKE_HAVE_LIBC_PTHREAD failed with the following output:
Change Dir: /media/minh253/D/c++project/Socket+Opencv/CMakeFiles/CMakeTmp

Run Build Command(s):/usr/bin/make cmTC_80b30/fast && /usr/bin/make -f CMakeFiles/cmTC_80b30.dir/build.make CMakeFiles/cmTC_80b30.dir/build
make[1]: Entering directory '/media/minh253/D/c++project/Socket+Opencv/CMakeFiles/CMakeTmp'
Building C object CMakeFiles/cmTC_80b30.dir/src.c.o
/usr/bin/cc   -fPIC -DCMAKE_HAVE_LIBC_PTHREAD   -o CMakeFiles/cmTC_80b30.dir/src.c.o   -c /media/minh253/D/c++project/Socket+Opencv/CMakeFiles/CMakeTmp/src.c
Linking C executable cmTC_80b30
/usr/bin/cmake -E cmake_link_script CMakeFiles/cmTC_80b30.dir/link.txt --verbose=1
/usr/bin/cc -fPIC -DCMAKE_HAVE_LIBC_PTHREAD    -rdynamic CMakeFiles/cmTC_80b30.dir/src.c.o  -o cmTC_80b30 
/usr/bin/ld: CMakeFiles/cmTC_80b30.dir/src.c.o: in function `main':
src.c:(.text+0x46): undefined reference to `pthread_create'
/usr/bin/ld: src.c:(.text+0x52): undefined reference to `pthread_detach'
/usr/bin/ld: src.c:(.text+0x63): undefined reference to `pthread_join'
collect2: error: ld returned 1 exit status
make[1]: *** [CMakeFiles/cmTC_80b30.dir/build.make:87: cmTC_80b30] Error 1
make[1]: Leaving directory '/media/minh253/D/c++project/Socket+Opencv/CMakeFiles/CMakeTmp'
make: *** [Makefile:121: cmTC_80b30/fast] Error 2


Source file was:
#include <pthread.h>

void* test_func(void* data)
{
  return data;
}

int main(void)
{
  pthread_t thread;
  pthread_create(&thread, NULL, test_func, NULL);
  pthread_detach(thread);
  pthread_join(thread, NULL);
  pthread_atfork(NULL, NULL, NULL);
  pthread_exit(NULL);

  return 0;
}

Determining if the function pthread_create exists in the pthreads failed with the following output:
Change Dir: /media/minh253/D/c++project/Socket+Opencv/CMakeFiles/CMakeTmp

Run Build Command(s):/usr/bin/make cmTC_c4b22/fast && /usr/bin/make -f CMakeFiles/cmTC_c4b22.dir/build.make CMakeFiles/cmTC_c4b22.dir/build
make[1]: Entering directory '/media/minh253/D/c++project/Socket+Opencv/CMakeFiles/CMakeTmp'
Building C object CMakeFiles/cmTC_c4b22.dir/CheckFunctionExists.c.o
/usr/bin/cc   -fPIC -DCHECK_FUNCTION_EXISTS=pthread_create   -o CMakeFiles/cmTC_c4b22.dir/CheckFunctionExists.c.o   -c /usr/share/cmake-3.16/Modules/CheckFunctionExists.c
Linking C executable cmTC_c4b22
/usr/bin/cmake -E cmake_link_script CMakeFiles/cmTC_c4b22.dir/link.txt --verbose=1
/usr/bin/cc -fPIC -DCHECK_FUNCTION_EXISTS=pthread_create    -rdynamic CMakeFiles/cmTC_c4b22.dir/CheckFunctionExists.c.o  -o cmTC_c4b22  -lpthreads 
/usr/bin/ld: cannot find -lpthreads
collect2: error: ld returned 1 exit status
make[1]: *** [CMakeFiles/cmTC_c4b22.dir/build.make:87: cmTC_c4b22] Error 1
make[1]: Leaving directory '/media/minh253/D/c++project/Socket+Opencv/CMakeFiles/CMakeTmp'
make: *** [Makefile:121: cmTC_c4b22/fast] Error 2



Performing C SOURCE FILE Test CMAKE_HAVE_LIBC_PTHREAD failed with the following output:
Change Dir: /media/minh253/D/c++project/project/CMakeFiles/CMakeTmp

Run Build Command(s):/usr/bin/make cmTC_d3648/fast && /usr/bin/make -f CMakeFiles/cmTC_d3648.dir/build.make CMakeFiles/cmTC_d3648.dir/build
make[1]: Entering directory '/media/minh253/D/c++project/project/CMakeFiles/CMakeTmp'
Building C object CMakeFiles/cmTC_d3648.dir/src.c.o
/usr/bin/cc   -fPIC -DCMAKE_HAVE_LIBC_PTHREAD   -o CMakeFiles/cmTC_d3648.dir/src.c.o   -c /media/minh253/D/c++project/project/CMakeFiles/CMakeTmp/src.c
Linking C executable cmTC_d3648
/usr/bin/cmake -E cmake_link_script CMakeFiles/cmTC_d3648.dir/link.txt --verbose=1
/usr/bin/cc -fPIC -DCMAKE_HAVE_LIBC_PTHREAD    -rdynamic CMakeFiles/cmTC_d3648.dir/src.c.o  -o cmTC_d3648 
/usr/bin/ld: CMakeFiles/cmTC_d3648.dir/src.c.o: in function `main':
src.c:(.text+0x46): undefined reference to `pthread_create'
/usr/bin/ld: src.c:(.text+0x52): undefined reference to `pthread_detach'
/usr/bin/ld: src.c:(.text+0x63): undefined reference to `pthread_join'
collect2: error: ld returned 1 exit status
make[1]: *** [CMakeFiles/cmTC_d3648.dir/build.make:87: cmTC_d3648] Error 1
make[1]: Leaving directory '/media/minh253/D/c++project/project/CMakeFiles/CMakeTmp'
make: *** [Makefile:121: cmTC_d3648/fast] Error 2


Source file was:
#include <pthread.h>

void* test_func(void* data)
{
  return data;
}

int main(void)
{
  pthread_t thread;
  pthread_create(&thread, NULL, test_func, NULL);
  pthread_detach(thread);
  pthread_join(thread, NULL);
  pthread_atfork(NULL, NULL, NULL);
  pthread_exit(NULL);

  return 0;
}

Determining if the function pthread_create exists in the pthreads failed with the following output:
Change Dir: /media/minh253/D/c++project/project/CMakeFiles/CMakeTmp

Run Build Command(s):/usr/bin/make cmTC_8e038/fast && /usr/bin/make -f CMakeFiles/cmTC_8e038.dir/build.make CMakeFiles/cmTC_8e038.dir/build
make[1]: Entering directory '/media/minh253/D/c++project/project/CMakeFiles/CMakeTmp'
Building C object CMakeFiles/cmTC_8e038.dir/CheckFunctionExists.c.o
/usr/bin/cc   -fPIC -DCHECK_FUNCTION_EXISTS=pthread_create   -o CMakeFiles/cmTC_8e038.dir/CheckFunctionExists.c.o   -c /usr/share/cmake-3.16/Modules/CheckFunctionExists.c
Linking C executable cmTC_8e038
/usr/bin/cmake -E cmake_link_script CMakeFiles/cmTC_8e038.dir/link.txt --verbose=1
/usr/bin/cc -fPIC -DCHECK_FUNCTION_EXISTS=pthread_create    -rdynamic CMakeFiles/cmTC_8e038.dir/CheckFunctionExists.c.o  -o cmTC_8e038  -lpthreads 
/usr/bin/ld: cannot find -lpthreads
collect2: error: ld returned 1 exit status
make[1]: *** [CMakeFiles/cmTC_8e038.dir/build.make:87: cmTC_8e038] Error 1
make[1]: Leaving directory '/media/minh253/D/c++project/project/CMakeFiles/CMakeTmp'
make: *** [Makefile:121: cmTC_8e038/fast] Error 2



